<?xml version="1.0" encoding="UTF-8"?>
<!-- Generated by org.testng.reporters.JUnitReportReporter -->
<testsuite hostname="CSCO-W-PF2S4J2F" failures="0" tests="1" name="Appium.NewTest" time="58.038" errors="0" timestamp="9 Mar 2023 04:15:28 GMT">
  <testcase classname="Appium.NewTest" name="Restaurant" time="58.038"/>
</testsuite> <!-- Appium.NewTest -->
